[debug] [2021-01-17T21:50:48.171Z] ----------------------------------------------------------------------
[debug] [2021-01-17T21:50:48.175Z] Command:       /home/mathayo/.nvm/versions/node/v12.18.2/bin/node /home/mathayo/.nvm/versions/node/v12.18.2/bin/firebase init
[debug] [2021-01-17T21:50:48.175Z] CLI Version:   9.2.1
[debug] [2021-01-17T21:50:48.175Z] Platform:      linux
[debug] [2021-01-17T21:50:48.175Z] Node Version:  v12.18.2
[debug] [2021-01-17T21:50:48.176Z] Time:          Mon Jan 18 2021 00:50:48 GMT+0300 (East Africa Time)
[debug] [2021-01-17T21:50:48.176Z] ----------------------------------------------------------------------
[debug] [2021-01-17T21:50:48.177Z] 
[debug] [2021-01-17T21:50:48.184Z] > command requires scopes: ["email","openid","https://www.googleapis.com/auth/cloudplatformprojects.readonly","https://www.googleapis.com/auth/firebase","https://www.googleapis.com/auth/cloud-platform"]
[debug] [2021-01-17T21:50:48.185Z] > authorizing via signed-in user
[info] 
     ######## #### ########  ######## ########     ###     ######  ########
     ##        ##  ##     ## ##       ##     ##  ##   ##  ##       ##
     ######    ##  ########  ######   ########  #########  ######  ######
     ##        ##  ##    ##  ##       ##     ## ##     ##       ## ##
     ##       #### ##     ## ######## ########  ##     ##  ######  ########

You're about to initialize a Firebase project in this directory:

  /home/mathayo/Desktop/mydevs/webapps/portfolio

Before we get started, keep in mind:

  * You are initializing in an existing Firebase project directory

[info] 
=== Project Setup
[info] 
[info] First, let's associate this project directory with a Firebase project.
[info] You can create multiple project aliases by running firebase use --add, 
[info] but for now we'll just set up a default project.
[info] 
[info] i  .firebaserc already has a default project, using maiportfolio. 
[debug] [2021-01-17T21:50:53.466Z] > refreshing access token with scopes: []
[debug] [2021-01-17T21:50:53.467Z] >>> HTTP REQUEST POST https://www.googleapis.com/oauth2/v3/token  
 <request body omitted>
[debug] [2021-01-17T21:50:54.058Z] <<< HTTP RESPONSE 200 {"date":"Sun, 17 Jan 2021 21:50:54 GMT","expires":"Mon, 01 Jan 1990 00:00:00 GMT","cache-control":"no-cache, no-store, max-age=0, must-revalidate","pragma":"no-cache","content-type":"application/json; charset=utf-8","vary":"X-Origin, Referer, Origin,Accept-Encoding","server":"scaffolding on HTTPServer2","x-xss-protection":"0","x-frame-options":"SAMEORIGIN","x-content-type-options":"nosniff","alt-svc":"h3-29=\":443\"; ma=2592000,h3-T051=\":443\"; ma=2592000,h3-Q050=\":443\"; ma=2592000,h3-Q046=\":443\"; ma=2592000,h3-Q043=\":443\"; ma=2592000,quic=\":443\"; ma=2592000; v=\"46,43\"","accept-ranges":"none","transfer-encoding":"chunked"}
[debug] [2021-01-17T21:50:54.150Z] >>> [apiv2][query] GET https://firebase.googleapis.com/v1beta1/projects/maiportfolio [none]
[debug] [2021-01-17T21:50:54.928Z] <<< [apiv2][status] GET https://firebase.googleapis.com/v1beta1/projects/maiportfolio 200
[debug] [2021-01-17T21:50:54.928Z] <<< [apiv2][body] GET https://firebase.googleapis.com/v1beta1/projects/maiportfolio {"projectId":"maiportfolio","projectNumber":"791909361901","displayName":"mtdev","name":"projects/maiportfolio","resources":{"hostingSite":"maiportfolio"},"state":"ACTIVE"}
[info] 
=== Hosting Setup
[info] 
[info] Your public directory is the folder (relative to your project directory) that
[info] will contain Hosting assets to be uploaded with firebase deploy. If you
[info] have a build process for your assets, use your build's output directory.
[info] 
[debug] [2021-01-17T22:27:20.067Z] ----------------------------------------------------------------------
[debug] [2021-01-17T22:27:20.086Z] Command:       /home/mathayo/.nvm/versions/node/v12.18.2/bin/node /home/mathayo/.nvm/versions/node/v12.18.2/bin/firebase init
[debug] [2021-01-17T22:27:20.087Z] CLI Version:   9.2.1
[debug] [2021-01-17T22:27:20.087Z] Platform:      linux
[debug] [2021-01-17T22:27:20.087Z] Node Version:  v12.18.2
[debug] [2021-01-17T22:27:20.124Z] Time:          Mon Jan 18 2021 01:27:20 GMT+0300 (East Africa Time)
[debug] [2021-01-17T22:27:20.125Z] ----------------------------------------------------------------------
[debug] [2021-01-17T22:27:20.125Z] 
[debug] [2021-01-17T22:27:20.236Z] > command requires scopes: ["email","openid","https://www.googleapis.com/auth/cloudplatformprojects.readonly","https://www.googleapis.com/auth/firebase","https://www.googleapis.com/auth/cloud-platform"]
[debug] [2021-01-17T22:27:20.238Z] > authorizing via signed-in user
[info] 
     ######## #### ########  ######## ########     ###     ######  ########
     ##        ##  ##     ## ##       ##     ##  ##   ##  ##       ##
     ######    ##  ########  ######   ########  #########  ######  ######
     ##        ##  ##    ##  ##       ##     ## ##     ##       ## ##
     ##       #### ##     ## ######## ########  ##     ##  ######  ########

You're about to initialize a Firebase project in this directory:

  /home/mathayo/Desktop/mydevs/webapps/portfolio

Before we get started, keep in mind:

  * You are initializing in an existing Firebase project directory

